<?xml version="1.0" encoding="UTF-8"?>
<testng-results ignored="0" total="2" passed="2" failed="0" skipped="0">
  <reporter-output>
  </reporter-output>
  <suite started-at="2022-01-17T22:37:23 EET" name="Suite" finished-at="2022-01-17T22:38:14 EET" duration-ms="50772">
    <groups>
    </groups>
    <test started-at="2022-01-17T22:37:23 EET" name="Test" finished-at="2022-01-17T22:38:14 EET" duration-ms="50772">
      <class name="main.Start">
        <test-method is-config="true" signature="prepareClassProperties()[pri:0, instance:main.Start@5ace1ed4]" started-at="2022-01-17T22:37:23 EET" name="prepareClassProperties" finished-at="2022-01-17T22:37:35 EET" duration-ms="11650" status="PASS">
          <reporter-output>
          </reporter-output>
        </test-method> <!-- prepareClassProperties -->
        <test-method signature="startApplication()[pri:1, instance:main.Start@5ace1ed4]" started-at="2022-01-17T22:37:35 EET" name="startApplication" finished-at="2022-01-17T22:37:53 EET" duration-ms="18187" status="PASS">
          <reporter-output>
          </reporter-output>
        </test-method> <!-- startApplication -->
        <test-method signature="login()[pri:2, instance:main.Start@5ace1ed4]" started-at="2022-01-17T22:37:53 EET" name="login" finished-at="2022-01-17T22:38:12 EET" duration-ms="18902" status="PASS">
          <reporter-output>
          </reporter-output>
        </test-method> <!-- login -->
        <test-method is-config="true" signature="closeApplication()[pri:0, instance:main.Start@5ace1ed4]" started-at="2022-01-17T22:38:12 EET" name="closeApplication" finished-at="2022-01-17T22:38:14 EET" duration-ms="1874" status="PASS">
          <reporter-output>
          </reporter-output>
        </test-method> <!-- closeApplication -->
      </class> <!-- main.Start -->
    </test> <!-- Test -->
  </suite> <!-- Suite -->
</testng-results>
